INFO:  latexindent.exe version 3.20.1, 2023-01-07, a script to indent .tex files
       latexindent.exe lives here: D:/texlive/2022/bin/win32/
       Sun Feb  5 02:20:23 2023
       Filename: d:/Owner/Documents/Laboratory/latex/thesis/documents/__latexindent_temp_chapter2.tex
INFO:  Processing switches:
       -y|--yaml: YAML settings specified via command line
       -c|--cruft: cruft directory
INFO:  Directory for backup files and d:/Owner/Documents/Laboratory/latex/thesis//indent.log:
       d:/Owner/Documents/Laboratory/latex/thesis/
INFO:  YAML settings read: defaultSettings.yaml
       Reading defaultSettings.yaml from D:/texlive/2022/bin/win32/defaultSettings.yaml
       Reading defaultSettings.yaml (2nd attempt) from D:/texlive/2022/bin/win32/../../texmf-dist/scripts/latexindent/defaultSettings.yaml
       and then, if necessary, D:/texlive/2022/bin/win32/LatexIndent/defaultSettings.yaml
INFO:  YAML reading settings
       Home directory is C:\Users\Owner
       latexindent.pl didn't find indentconfig.yaml or .indentconfig.yaml
       see all possible locations: https://latexindentpl.readthedocs.io/en/latest/sec-appendices.html#indentconfig-options)
INFO:  YAML settings read: -y switch
       YAML setting: defaultIndent:'    '
       single-quoted string found in -y switch: '    ', substitute to     
       Updating mainSettings with defaultIndent:     
INFO:  Phase 1: searching for objects
INFO:  Phase 2: finding surrounding indentation
INFO:  Phase 3: indenting objects
INFO:  Phase 4: final indentation check
INFO:  Output routine:
       Not outputting to file; see -w and -o switches for more options.
       --------------
INFO:  Please direct all communication/issues to:
        https://github.com/cmhughes/latexindent.pl
